File: trace.json
Data Flow:
	==================================================
	QUEUE_INPUT:
		sv_mask: [[[ 0.  0.  0.  0.  0.  0.  0.  0.  0.  0.  0.  0.  0.  0.  0.  0.  0.  0.
    0.  0.  0.  0.  0.  0.]]]
	QUEUE_INPUT:
		sv_points: [[[ 0.  0.  0.  0.  0.  0.  0.  0.  0.  0.  0.  0.  0.  0.  0.  0.  0.  0.
    0.  0.  0.  0.  0.  0.]
  [ 0.  0.  0.  0.  0.  0.  0.  0.  0.  0.  0.  0.  0.  0.  0.  0.  0.  0.
    0.  0.  0.  0.  0.  0.]]]
	QUEUE_INPUT:
		pf_mask: [[[ 1.  1.  1.  1.  1.  1.  1.  1.  1.  1.  1.  1.  1.  1.  1.  1.  1.  1.
    1.  1.  1.  1.  1.  1.]]]
	QUEUE_INPUT:
		pf_features: [[[  1.75111997e+00   1.55216002e+00   1.17486000e+00   7.69349992e-01
     7.53619015e-01   3.33914012e-01   2.58295000e-01  -1.52815998e-01
    -5.53197026e-01  -5.65146029e-01  -5.79759002e-01  -6.58174992e-01
    -7.27572024e-01  -8.94492984e-01  -9.26060021e-01  -1.02234006e+00
    -1.02365994e+00  -1.05727005e+00  -1.18761003e+00  -1.29322004e+00
    -1.35799003e+00  -1.43054998e+00  -1.71113002e+00  -1.71467996e+00]
  [  1.70116997e+00   1.52716005e+00   1.20472002e+00   7.95543015e-01
     8.32331002e-01   5.57115018e-01   5.41401982e-01   7.63607994e-02
    -3.99264991e-01  -3.78452986e-01  -1.02810003e-01  -4.80919987e-01
    -4.86604005e-01  -5.63130975e-01  -6.65723979e-01  -6.64490998e-01
    -5.21574020e-01  -7.05985010e-01  -7.06620991e-01  -7.04344988e-01
    -7.94031024e-01  -8.44187975e-01  -1.43157005e+00  -1.22540998e+00]
  [ -6.78623002e-03  -1.33782998e-02  -1.15470998e-02  -1.30751997e-01
    -3.31542008e-02   1.25420004e-01   2.15143993e-01   6.76405011e-03
    -2.54168987e-01  -1.90813005e-01   3.46801013e-01  -2.42449999e-01
    -1.28921002e-01  -3.77296994e-04  -1.46682993e-01   1.51870996e-02
     2.79783010e-01  -1.74067002e-02   1.89143002e-01   3.55957001e-01
     3.05052012e-01   3.10544997e-01  -3.38034004e-01   7.61630982e-02]
  [  1.47658996e-02   2.36398005e-03  -3.47478017e-02  -9.50988978e-02
     3.58592011e-02   1.50216997e-01  -1.20196000e-01   1.06657997e-01
    -1.68237001e-01   2.32537001e-01  -4.51082997e-02   9.49530005e-02
    -1.06328996e-02  -7.16561005e-02   4.12261002e-02  -1.31238997e-01
     7.94116035e-02   1.43778995e-01  -2.34944001e-01   2.37035006e-01
     1.46993995e-01  -2.32406005e-01  -1.83484003e-01  -1.14634000e-01]
  [  6.76133990e-01   6.68223977e-01   6.70421004e-01   5.27374029e-01
     6.44491971e-01   8.34780991e-01   9.42451000e-01   6.92394018e-01
     3.79274011e-01   4.55302000e-01   1.10044003e+00   3.93337011e-01
     5.29572010e-01   6.83825016e-01   5.08257985e-01   7.02502012e-01
     1.02002001e+00   6.63389027e-01   9.11248982e-01   1.11143005e+00
     1.05034006e+00   1.05692995e+00   2.78636009e-01   7.75672972e-01]
  [  0.00000000e+00   1.00000000e+00   0.00000000e+00   0.00000000e+00
     0.00000000e+00   0.00000000e+00   0.00000000e+00   0.00000000e+00
     0.00000000e+00   0.00000000e+00  -1.00000000e+00   1.00000000e+00
     0.00000000e+00   0.00000000e+00   0.00000000e+00   0.00000000e+00
     0.00000000e+00  -1.00000000e+00   1.00000000e+00  -1.00000000e+00
     0.00000000e+00   1.00000000e+00   0.00000000e+00   0.00000000e+00]
  [  8.99999976e-01   3.00000012e-01   8.99999976e-01   8.99999976e-01
     8.99999976e-01   8.99999976e-01   8.99999976e-01   8.99999976e-01
     8.99999976e-01   8.99999976e-01   8.99999976e-01   8.99999976e-01
     8.99999976e-01   8.99999976e-01   8.99999976e-01   8.99999976e-01
     8.99999976e-01   3.00000012e-01  -8.99999976e-01  -8.99999976e-01
     8.99999976e-01   8.99999976e-01   8.99999976e-01   8.99999976e-01]
  [ -1.00000000e+00  -1.00000000e+00  -1.00000000e+00  -1.00000000e+00
    -1.00000000e+00  -1.00000000e+00  -1.00000000e+00  -1.00000000e+00
    -1.00000000e+00  -1.00000000e+00  -1.00000000e+00  -1.00000000e+00
    -1.00000000e+00  -1.00000000e+00  -1.00000000e+00  -1.00000000e+00
    -1.00000000e+00  -1.00000000e+00   0.00000000e+00   1.00000000e+00
    -1.00000000e+00  -1.00000000e+00  -1.00000000e+00  -1.00000000e+00]
  [  5.00000000e+00  -8.00000012e-01   5.00000000e+00   5.00000000e+00
     5.00000000e+00   5.00000000e+00   5.00000000e+00   5.00000000e+00
     5.00000000e+00   5.00000000e+00  -8.00000012e-01  -6.00000024e-01
     5.00000000e+00   5.00000000e+00   5.00000000e+00   5.00000000e+00
     5.00000000e+00  -1.00000000e+00  -8.00000012e-01  -1.00000000e+00
     5.00000000e+00  -8.00000012e-01   5.00000000e+00   5.00000000e+00]
  [  0.00000000e+00   1.00000000e+00   0.00000000e+00   0.00000000e+00
     0.00000000e+00   0.00000000e+00   0.00000000e+00   0.00000000e+00
     0.00000000e+00   0.00000000e+00   1.00000000e+00   1.00000000e+00
     0.00000000e+00   0.00000000e+00   0.00000000e+00   0.00000000e+00
     0.00000000e+00   1.00000000e+00   1.00000000e+00   1.00000000e+00
     0.00000000e+00   1.00000000e+00   0.00000000e+00   0.00000000e+00]
  [  0.00000000e+00  -1.72211006e-01   0.00000000e+00   0.00000000e+00
     0.00000000e+00   0.00000000e+00   0.00000000e+00   0.00000000e+00
     0.00000000e+00   0.00000000e+00   1.45093000e+00  -1.40404999e+00
     0.00000000e+00   0.00000000e+00   0.00000000e+00   0.00000000e+00
     0.00000000e+00   5.00000000e+00   5.00000000e+00   5.00000000e+00
     0.00000000e+00  -5.00000000e+00   0.00000000e+00   0.00000000e+00]
  [  0.00000000e+00  -3.66831005e-01   0.00000000e+00   0.00000000e+00
     0.00000000e+00   0.00000000e+00   0.00000000e+00   0.00000000e+00
     0.00000000e+00   0.00000000e+00   8.37180018e-01  -8.84927988e-01
     0.00000000e+00   0.00000000e+00   0.00000000e+00   0.00000000e+00
     0.00000000e+00   5.00000000e+00   5.00000000e+00   5.00000000e+00
     0.00000000e+00  -5.00000000e+00   0.00000000e+00   0.00000000e+00]
  [  0.00000000e+00   1.37899995e+00   0.00000000e+00   0.00000000e+00
     0.00000000e+00   0.00000000e+00   0.00000000e+00   0.00000000e+00
     0.00000000e+00   0.00000000e+00  -4.30115014e-02  -2.83776999e-01
     0.00000000e+00   0.00000000e+00   0.00000000e+00   0.00000000e+00
     0.00000000e+00  -1.57280004e+00  -5.00000000e+00   5.00000000e+00
     0.00000000e+00  -4.69666004e-01   0.00000000e+00   0.00000000e+00]
  [ -1.10000002e+00   3.53931999e+00  -1.10000002e+00  -1.10000002e+00
    -1.10000002e+00  -1.10000002e+00  -1.10000002e+00  -1.10000002e+00
    -1.10000002e+00  -1.10000002e+00  -1.11998999e+00  -1.25376999e+00
    -1.10000002e+00  -1.10000002e+00  -1.10000002e+00  -1.10000002e+00
    -1.10000002e+00  -1.45167005e+00  -5.00000000e+00   5.00000000e+00
    -1.10000002e+00  -1.15733004e+00  -1.10000002e+00  -1.10000002e+00]
  [ -1.04999995e+00   1.75591004e+00  -1.04999995e+00  -1.04999995e+00
    -1.04999995e+00  -1.04999995e+00  -1.04999995e+00  -1.04999995e+00
    -1.04999995e+00  -1.04999995e+00   2.38420993e-01   1.90880999e-01
    -1.04999995e+00  -1.04999995e+00  -1.04999995e+00  -1.04999995e+00
    -1.04999995e+00   2.33045995e-01   1.25282004e-01   4.96151000e-02
    -1.04999995e+00   1.70911998e-02  -1.04999995e+00  -1.04999995e+00]
  [  0.00000000e+00   6.52243011e-03   0.00000000e+00   0.00000000e+00
     0.00000000e+00   0.00000000e+00   0.00000000e+00   0.00000000e+00
     0.00000000e+00   0.00000000e+00   1.42859995e-01   1.37669995e-01
     0.00000000e+00   0.00000000e+00   0.00000000e+00   0.00000000e+00
     0.00000000e+00   6.95537999e-02   1.31843001e-01   1.73390001e-01
     0.00000000e+00   1.60540000e-01   0.00000000e+00   0.00000000e+00]
  [  0.00000000e+00   9.99979019e-01   0.00000000e+00   0.00000000e+00
     0.00000000e+00   0.00000000e+00   0.00000000e+00   0.00000000e+00
     0.00000000e+00   0.00000000e+00   9.89742994e-01   9.90477979e-01
     0.00000000e+00   0.00000000e+00   0.00000000e+00   0.00000000e+00
     0.00000000e+00   9.97578025e-01   9.91271019e-01   9.84853029e-01
     0.00000000e+00   9.87029016e-01   0.00000000e+00   0.00000000e+00]
  [  0.00000000e+00  -4.62368011e-01   0.00000000e+00   0.00000000e+00
     0.00000000e+00   0.00000000e+00   0.00000000e+00   0.00000000e+00
     0.00000000e+00   0.00000000e+00  -3.03268999e-01  -5.02704024e-01
     0.00000000e+00   0.00000000e+00   0.00000000e+00   0.00000000e+00
     0.00000000e+00   5.00000000e+00  -5.00000000e+00  -5.00000000e+00
     0.00000000e+00   5.00000000e+00   0.00000000e+00   0.00000000e+00]
  [  0.00000000e+00  -1.43779004e+00   0.00000000e+00   0.00000000e+00
     0.00000000e+00   0.00000000e+00   0.00000000e+00   0.00000000e+00
     0.00000000e+00   0.00000000e+00  -2.05865994e-01  -3.71497005e-01
     0.00000000e+00   0.00000000e+00   0.00000000e+00   0.00000000e+00
     0.00000000e+00   5.00000000e+00  -5.00000000e+00  -5.00000000e+00
     0.00000000e+00   5.00000000e+00   0.00000000e+00   0.00000000e+00]
  [  0.00000000e+00  -2.46724993e-01   0.00000000e+00   0.00000000e+00
     0.00000000e+00   0.00000000e+00   0.00000000e+00   0.00000000e+00
     0.00000000e+00   0.00000000e+00  -1.74803007e-02  -1.39790997e-01
     0.00000000e+00   0.00000000e+00   0.00000000e+00   0.00000000e+00
     0.00000000e+00  -5.00000000e+00  -5.00000000e+00  -5.00000000e+00
     0.00000000e+00  -5.00000000e+00   0.00000000e+00   0.00000000e+00]]]
	QUEUE_INPUT:
		sv_features: [[[ 0.  0.  0.  0.  0.  0.  0.  0.  0.  0.  0.  0.  0.  0.  0.  0.  0.  0.
    0.  0.  0.  0.  0.  0.]
  [ 0.  0.  0.  0.  0.  0.  0.  0.  0.  0.  0.  0.  0.  0.  0.  0.  0.  0.
    0.  0.  0.  0.  0.  0.]
  [ 0.  0.  0.  0.  0.  0.  0.  0.  0.  0.  0.  0.  0.  0.  0.  0.  0.  0.
    0.  0.  0.  0.  0.  0.]
  [ 0.  0.  0.  0.  0.  0.  0.  0.  0.  0.  0.  0.  0.  0.  0.  0.  0.  0.
    0.  0.  0.  0.  0.  0.]
  [ 0.  0.  0.  0.  0.  0.  0.  0.  0.  0.  0.  0.  0.  0.  0.  0.  0.  0.
    0.  0.  0.  0.  0.  0.]
  [ 0.  0.  0.  0.  0.  0.  0.  0.  0.  0.  0.  0.  0.  0.  0.  0.  0.  0.
    0.  0.  0.  0.  0.  0.]
  [ 0.  0.  0.  0.  0.  0.  0.  0.  0.  0.  0.  0.  0.  0.  0.  0.  0.  0.
    0.  0.  0.  0.  0.  0.]
  [ 0.  0.  0.  0.  0.  0.  0.  0.  0.  0.  0.  0.  0.  0.  0.  0.  0.  0.
    0.  0.  0.  0.  0.  0.]
  [ 0.  0.  0.  0.  0.  0.  0.  0.  0.  0.  0.  0.  0.  0.  0.  0.  0.  0.
    0.  0.  0.  0.  0.  0.]
  [ 0.  0.  0.  0.  0.  0.  0.  0.  0.  0.  0.  0.  0.  0.  0.  0.  0.  0.
    0.  0.  0.  0.  0.  0.]
  [ 0.  0.  0.  0.  0.  0.  0.  0.  0.  0.  0.  0.  0.  0.  0.  0.  0.  0.
    0.  0.  0.  0.  0.  0.]]]
	QUEUE_INPUT:
		pf_points: [[[-0.00678623 -0.0133783  -0.0115471  -0.130752   -0.0331542   0.12542
    0.21514399  0.00676405 -0.25416899 -0.190813    0.34680101 -0.24245
   -0.128921   -0.0003773  -0.14668299  0.0151871   0.27978301 -0.0174067
    0.189143    0.355957    0.30505201  0.310545   -0.338034    0.0761631 ]
  [ 0.0147659   0.00236398 -0.0347478  -0.0950989   0.0358592   0.150217
   -0.120196    0.106658   -0.168237    0.232537   -0.0451083   0.094953
   -0.0106329  -0.0716561   0.0412261  -0.131239    0.0794116   0.14377899
   -0.234944    0.23703501  0.14699399 -0.23240601 -0.183484   -0.114634  ]]]
	BACKEND_OUTPUT:
		softmax: [[ 0.126752    0.123925    0.126168    0.13086399  0.128218    0.113017
   0.11781     0.133247  ]]
	==================================================
